This is pdfTeX, Version 3.141592653-2.6-1.40.28 (MiKTeX 25.12) (preloaded format=pdflatex 2026.3.16)  19 MAR 2026 17:48
entering extended mode
 restricted \write18 enabled.
 %&-line parsing enabled.
**./Comparativa.tex
(Comparativa.tex
LaTeX2e <2025-11-01>
L3 programming layer <2025-12-24>
(C:\Users\ronco\AppData\Local\Programs\MiKTeX\tex/latex/base\article.cls
Document Class: article 2025/01/22 v1.4n Standard LaTeX document class
(C:\Users\ronco\AppData\Local\Programs\MiKTeX\tex/latex/base\size11.clo
File: size11.clo 2025/01/22 v1.4n Standard LaTeX file (size option)
)
\c@part=\count275
\c@section=\count276
\c@subsection=\count277
\c@subsubsection=\count278
\c@paragraph=\count279
\c@subparagraph=\count280
\c@figure=\count281
\c@table=\count282
\abovecaptionskip=\skip49
\belowcaptionskip=\skip50
\bibindent=\dimen148
)
(C:\Users\ronco\AppData\Local\Programs\MiKTeX\tex/latex/base\inputenc.sty
Package: inputenc 2024/02/08 v1.3d Input encoding file
\inpenc@prehook=\toks17
\inpenc@posthook=\toks18
)
(C:\Users\ronco\AppData\Local\Programs\MiKTeX\tex/latex/base\fontenc.sty
Package: fontenc 2025/07/18 v2.1d Standard LaTeX package
)
(C:\Users\ronco\AppData\Local\Programs\MiKTeX\tex/latex/geometry\geometry.sty
Package: geometry 2026/03/07 v6.0 Page Geometry

(C:\Users\ronco\AppData\Local\Programs\MiKTeX\tex/latex/graphics\keyval.sty
Package: keyval 2022/05/29 v1.15 key=value parser (DPC)
\KV@toks@=\toks19
)
(C:\Users\ronco\AppData\Local\Programs\MiKTeX\tex/generic/iftex\ifvtex.sty
Package: ifvtex 2019/10/25 v1.7 ifvtex legacy package. Use iftex instead.

(C:\Users\ronco\AppData\Local\Programs\MiKTeX\tex/generic/iftex\iftex.sty
Package: iftex 2024/12/12 v1.0g TeX engine tests
))
\Gm@cnth=\count283
\Gm@cntv=\count284
\c@Gm@tempcnt=\count285
\Gm@bindingoffset=\dimen149
\Gm@wd@mp=\dimen150
\Gm@odd@mp=\dimen151
\Gm@even@mp=\dimen152
\Gm@layoutwidth=\dimen153
\Gm@layoutheight=\dimen154
\Gm@layouthoffset=\dimen155
\Gm@layoutvoffset=\dimen156
\Gm@dimlist=\toks20

(C:\Users\ronco\AppData\Local\Programs\MiKTeX\tex/latex/geometry\geometry.cfg))
(C:\Users\ronco\AppData\Local\Programs\MiKTeX\tex/latex/booktabs\booktabs.sty
Package: booktabs 2020/01/12 v1.61803398 Publication quality tables
\heavyrulewidth=\dimen157
\lightrulewidth=\dimen158
\cmidrulewidth=\dimen159
\belowrulesep=\dimen160
\belowbottomsep=\dimen161
\aboverulesep=\dimen162
\abovetopsep=\dimen163
\cmidrulesep=\dimen164
\cmidrulekern=\dimen165
\defaultaddspace=\dimen166
\@cmidla=\count286
\@cmidlb=\count287
\@aboverulesep=\dimen167
\@belowrulesep=\dimen168
\@thisruleclass=\count288
\@lastruleclass=\count289
\@thisrulewidth=\dimen169
)
(C:\Users\ronco\AppData\Local\Programs\MiKTeX\tex/latex/graphics\graphicx.sty
Package: graphicx 2024/12/31 v1.2e Enhanced LaTeX Graphics (DPC,SPQR)

(C:\Users\ronco\AppData\Local\Programs\MiKTeX\tex/latex/graphics\graphics.sty
Package: graphics 2024/08/06 v1.4g Standard LaTeX Graphics (DPC,SPQR)

(C:\Users\ronco\AppData\Local\Programs\MiKTeX\tex/latex/graphics\trig.sty
Package: trig 2023/12/02 v1.11 sin cos tan (DPC)
)
(C:\Users\ronco\AppData\Local\Programs\MiKTeX\tex/latex/graphics-cfg\graphics.c
fg
File: graphics.cfg 2016/06/04 v1.11 sample graphics configuration
)
Package graphics Info: Driver file: pdftex.def on input line 106.

(C:\Users\ronco\AppData\Local\Programs\MiKTeX\tex/latex/graphics-def\pdftex.def
File: pdftex.def 2025/09/29 v1.2d Graphics/color driver for pdftex
))
\Gin@req@height=\dimen170
\Gin@req@width=\dimen171
)
(C:\Users\ronco\AppData\Local\Programs\MiKTeX\tex/latex/caption\subcaption.sty
Package: subcaption 2023/07/28 v1.6b Sub-captions (AR)

(C:\Users\ronco\AppData\Local\Programs\MiKTeX\tex/latex/caption\caption.sty
Package: caption 2023/08/05 v3.6o Customizing captions (AR)

(C:\Users\ronco\AppData\Local\Programs\MiKTeX\tex/latex/caption\caption3.sty
Package: caption3 2023/07/31 v2.4d caption3 kernel (AR)
\caption@tempdima=\dimen172
\captionmargin=\dimen173
\caption@leftmargin=\dimen174
\caption@rightmargin=\dimen175
\caption@width=\dimen176
\caption@indent=\dimen177
\caption@parindent=\dimen178
\caption@hangindent=\dimen179
Package caption Info: Standard document class detected.
)
\c@caption@flags=\count290
\c@continuedfloat=\count291
)
Package caption Info: New subtype `subfigure' on input line 238.
\c@subfigure=\count292
Package caption Info: New subtype `subtable' on input line 238.
\c@subtable=\count293
) (C:\Users\ronco\AppData\Local\Programs\MiKTeX\tex/latex/float\float.sty
Package: float 2001/11/08 v1.3d Float enhancements (AL)
\c@float@type=\count294
\float@exts=\toks21
\float@box=\box53
\@float@everytoks=\toks22
\@floatcapt=\box54
)
(C:\Users\ronco\AppData\Local\Programs\MiKTeX\tex/latex/amsmath\amsmath.sty
Package: amsmath 2025/07/09 v2.17z AMS math features
\@mathmargin=\skip51

For additional information on amsmath, use the `?' option.
(C:\Users\ronco\AppData\Local\Programs\MiKTeX\tex/latex/amsmath\amstext.sty
Package: amstext 2024/11/17 v2.01 AMS text

(C:\Users\ronco\AppData\Local\Programs\MiKTeX\tex/latex/amsmath\amsgen.sty
File: amsgen.sty 1999/11/30 v2.0 generic functions
\@emptytoks=\toks23
\ex@=\dimen180
))
(C:\Users\ronco\AppData\Local\Programs\MiKTeX\tex/latex/amsmath\amsbsy.sty
Package: amsbsy 1999/11/29 v1.2d Bold Symbols
\pmbraise@=\dimen181
)
(C:\Users\ronco\AppData\Local\Programs\MiKTeX\tex/latex/amsmath\amsopn.sty
Package: amsopn 2022/04/08 v2.04 operator names
)
\inf@bad=\count295
LaTeX Info: Redefining \frac on input line 233.
\uproot@=\count296
\leftroot@=\count297
LaTeX Info: Redefining \overline on input line 398.
LaTeX Info: Redefining \colon on input line 409.
\classnum@=\count298
\DOTSCASE@=\count299
LaTeX Info: Redefining \ldots on input line 495.
LaTeX Info: Redefining \dots on input line 498.
LaTeX Info: Redefining \cdots on input line 619.
\Mathstrutbox@=\box55
\strutbox@=\box56
LaTeX Info: Redefining \big on input line 721.
LaTeX Info: Redefining \Big on input line 722.
LaTeX Info: Redefining \bigg on input line 723.
LaTeX Info: Redefining \Bigg on input line 724.
\big@size=\dimen182
LaTeX Font Info:    Redeclaring font encoding OML on input line 742.
LaTeX Font Info:    Redeclaring font encoding OMS on input line 743.
\macc@depth=\count300
LaTeX Info: Redefining \bmod on input line 904.
LaTeX Info: Redefining \pmod on input line 909.
LaTeX Info: Redefining \smash on input line 939.
LaTeX Info: Redefining \relbar on input line 969.
LaTeX Info: Redefining \Relbar on input line 970.
\c@MaxMatrixCols=\count301
\dotsspace@=\muskip17
\c@parentequation=\count302
\dspbrk@lvl=\count303
\tag@help=\toks24
\row@=\count304
\column@=\count305
\maxfields@=\count306
\andhelp@=\toks25
\eqnshift@=\dimen183
\alignsep@=\dimen184
\tagshift@=\dimen185
\tagwidth@=\dimen186
\totwidth@=\dimen187
\lineht@=\dimen188
\@envbody=\toks26
\multlinegap=\skip52
\multlinetaggap=\skip53
\mathdisplay@stack=\toks27
LaTeX Info: Redefining \[ on input line 2950.
LaTeX Info: Redefining \] on input line 2951.
)
(C:\Users\ronco\AppData\Local\Programs\MiKTeX\tex/latex/tools\array.sty
Package: array 2025/09/25 v2.6n Tabular extension package (FMi)
\col@sep=\dimen189
\ar@mcellbox=\box57
\extrarowheight=\dimen190
\NC@list=\toks28
\extratabsurround=\skip54
\backup@length=\skip55
\ar@cellbox=\box58
)
(C:\Users\ronco\AppData\Local\Programs\MiKTeX\tex/latex/xcolor\xcolor.sty
Package: xcolor 2024/09/29 v3.02 LaTeX color extensions (UK)

(C:\Users\ronco\AppData\Local\Programs\MiKTeX\tex/latex/graphics-cfg\color.cfg
File: color.cfg 2016/01/02 v1.6 sample color configuration
)
Package xcolor Info: Driver file: pdftex.def on input line 274.
(C:\Users\ronco\AppData\Local\Programs\MiKTeX\tex/latex/graphics\mathcolor.ltx)
Package xcolor Info: Model `cmy' substituted by `cmy0' on input line 1349.
Package xcolor Info: Model `hsb' substituted by `rgb' on input line 1353.
Package xcolor Info: Model `RGB' extended on input line 1365.
Package xcolor Info: Model `HTML' substituted by `rgb' on input line 1367.
Package xcolor Info: Model `Hsb' substituted by `hsb' on input line 1368.
Package xcolor Info: Model `tHsb' substituted by `hsb' on input line 1369.
Package xcolor Info: Model `HSB' substituted by `hsb' on input line 1370.
Package xcolor Info: Model `Gray' substituted by `gray' on input line 1371.
Package xcolor Info: Model `wave' substituted by `hsb' on input line 1372.
) (C:\Users\ronco\AppData\Local\Programs\MiKTeX\tex/latex/colortbl\colortbl.sty
Package: colortbl 2024/10/29 v1.0k Color table columns (DPC)
\everycr=\toks29
\minrowclearance=\skip56
\rownum=\count307
) (C:\Users\ronco\AppData\Local\Programs\MiKTeX\tex/latex/multirow\multirow.sty
Package: multirow 2024/11/12 v2.9 Span multiple rows of a table
\multirow@colwidth=\skip57
\multirow@cntb=\count308
\multirow@dima=\skip58
\bigstrutjot=\dimen191
) (C:\Users\ronco\AppData\Local\Programs\MiKTeX\tex/latex/hyperref\hyperref.sty
Package: hyperref 2025-07-12 v7.01o Hypertext links for LaTeX

(C:\Users\ronco\AppData\Local\Programs\MiKTeX\tex/latex/kvsetkeys\kvsetkeys.sty
Package: kvsetkeys 2022-10-05 v1.19 Key value parser (HO)
)
(C:\Users\ronco\AppData\Local\Programs\MiKTeX\tex/generic/kvdefinekeys\kvdefine
keys.sty
Package: kvdefinekeys 2019-12-19 v1.6 Define keys (HO)
)
(C:\Users\ronco\AppData\Local\Programs\MiKTeX\tex/generic/pdfescape\pdfescape.s
ty
Package: pdfescape 2019/12/09 v1.15 Implements pdfTeX's escape features (HO)

(C:\Users\ronco\AppData\Local\Programs\MiKTeX\tex/generic/ltxcmds\ltxcmds.sty
Package: ltxcmds 2023-12-04 v1.26 LaTeX kernel commands for general use (HO)
)
(C:\Users\ronco\AppData\Local\Programs\MiKTeX\tex/generic/pdftexcmds\pdftexcmds
.sty
Package: pdftexcmds 2020-06-27 v0.33 Utility functions of pdfTeX for LuaTeX (HO
)

(C:\Users\ronco\AppData\Local\Programs\MiKTeX\tex/generic/infwarerr\infwarerr.s
ty
Package: infwarerr 2019/12/03 v1.5 Providing info/warning/error messages (HO)
)
Package pdftexcmds Info: \pdf@primitive is available.
Package pdftexcmds Info: \pdf@ifprimitive is available.
Package pdftexcmds Info: \pdfdraftmode found.
))
(C:\Users\ronco\AppData\Local\Programs\MiKTeX\tex/latex/hycolor\hycolor.sty
Package: hycolor 2020-01-27 v1.10 Color options for hyperref/bookmark (HO)
)
(C:\Users\ronco\AppData\Local\Programs\MiKTeX\tex/latex/hyperref\nameref.sty
Package: nameref 2025-06-21 v2.57 Cross-referencing by name of section

(C:\Users\ronco\AppData\Local\Programs\MiKTeX\tex/latex/refcount\refcount.sty
Package: refcount 2019/12/15 v3.6 Data extraction from label references (HO)
)
(C:\Users\ronco\AppData\Local\Programs\MiKTeX\tex/generic/gettitlestring\gettit
lestring.sty
Package: gettitlestring 2019/12/15 v1.6 Cleanup title references (HO)

(C:\Users\ronco\AppData\Local\Programs\MiKTeX\tex/latex/kvoptions\kvoptions.sty
Package: kvoptions 2022-06-15 v3.15 Key value format for package options (HO)
))
\c@section@level=\count309
)
(C:\Users\ronco\AppData\Local\Programs\MiKTeX\tex/latex/etoolbox\etoolbox.sty
Package: etoolbox 2025/10/02 v2.5m e-TeX tools for LaTeX (JAW)
\etb@tempcnta=\count310
)
(C:\Users\ronco\AppData\Local\Programs\MiKTeX\tex/generic/stringenc\stringenc.s
ty
Package: stringenc 2019/11/29 v1.12 Convert strings between diff. encodings (HO
)
)
\@linkdim=\dimen192
\Hy@linkcounter=\count311
\Hy@pagecounter=\count312
 (C:\Users\ronco\AppData\Local\Programs\MiKTeX\tex/latex/hyperref\pd1enc.def
File: pd1enc.def 2025-07-12 v7.01o Hyperref: PDFDocEncoding definition (HO)
Now handling font encoding PD1 ...
... no UTF-8 mapping file for font encoding PD1
) (C:\Users\ronco\AppData\Local\Programs\MiKTeX\tex/generic/intcalc\intcalc.sty
Package: intcalc 2019/12/15 v1.3 Expandable calculations with integers (HO)
)
\Hy@SavedSpaceFactor=\count313
 (C:\Users\ronco\AppData\Local\Programs\MiKTeX\tex/latex/hyperref\puenc.def
File: puenc.def 2025-07-12 v7.01o Hyperref: PDF Unicode definition (HO)
Now handling font encoding PU ...
... no UTF-8 mapping file for font encoding PU
)
Package hyperref Info: Hyper figures OFF on input line 4195.
Package hyperref Info: Link nesting OFF on input line 4200.
Package hyperref Info: Hyper index ON on input line 4203.
Package hyperref Info: Plain pages OFF on input line 4210.
Package hyperref Info: Backreferencing OFF on input line 4215.
Package hyperref Info: Implicit mode ON; LaTeX internals redefined.
Package hyperref Info: Bookmarks ON on input line 4462.
\c@Hy@tempcnt=\count314

(C:\Users\ronco\AppData\Local\Programs\MiKTeX\tex/latex/url\url.sty
\Urlmuskip=\muskip18
Package: url 2013/09/16  ver 3.4  Verb mode for urls, etc.
)
LaTeX Info: Redefining \url on input line 4801.
\XeTeXLinkMargin=\dimen193

(C:\Users\ronco\AppData\Local\Programs\MiKTeX\tex/generic/bitset\bitset.sty
Package: bitset 2019/12/09 v1.3 Handle bit-vector datatype (HO)

(C:\Users\ronco\AppData\Local\Programs\MiKTeX\tex/generic/bigintcalc\bigintcalc
.sty
Package: bigintcalc 2019/12/15 v1.5 Expandable calculations on big integers (HO
)
))
\Fld@menulength=\count315
\Field@Width=\dimen194
\Fld@charsize=\dimen195
Package hyperref Info: Hyper figures OFF on input line 6078.
Package hyperref Info: Link nesting OFF on input line 6083.
Package hyperref Info: Hyper index ON on input line 6086.
Package hyperref Info: backreferencing OFF on input line 6093.
Package hyperref Info: Link coloring OFF on input line 6098.
Package hyperref Info: Link coloring with OCG OFF on input line 6103.
Package hyperref Info: PDF/A mode OFF on input line 6108.
\Hy@abspage=\count316
\c@Item=\count317
\c@Hfootnote=\count318
)
Package hyperref Info: Driver (autodetected): hpdftex.

(C:\Users\ronco\AppData\Local\Programs\MiKTeX\tex/latex/hyperref\hpdftex.def
File: hpdftex.def 2025-07-12 v7.01o Hyperref driver for pdfTeX
\Fld@listcount=\count319
\c@bookmark@seq@number=\count320

(C:\Users\ronco\AppData\Local\Programs\MiKTeX\tex/latex/rerunfilecheck\rerunfil
echeck.sty
Package: rerunfilecheck 2025-06-21 v1.11 Rerun checks for auxiliary files (HO)

(C:\Users\ronco\AppData\Local\Programs\MiKTeX\tex/generic/uniquecounter\uniquec
ounter.sty
Package: uniquecounter 2019/12/15 v1.4 Provide unlimited unique counter (HO)
)
Package uniquecounter Info: New unique counter `rerunfilecheck' on input line 2
84.
)
\Hy@SectionHShift=\skip59
)
(C:\Users\ronco\AppData\Local\Programs\MiKTeX\tex/latex/lm\lmodern.sty
Package: lmodern 2015/05/01 v1.6.1 Latin Modern Fonts
LaTeX Font Info:    Overwriting symbol font `operators' in version `normal'
(Font)                  OT1/cmr/m/n --> OT1/lmr/m/n on input line 22.
LaTeX Font Info:    Overwriting symbol font `letters' in version `normal'
(Font)                  OML/cmm/m/it --> OML/lmm/m/it on input line 23.
LaTeX Font Info:    Overwriting symbol font `symbols' in version `normal'
(Font)                  OMS/cmsy/m/n --> OMS/lmsy/m/n on input line 24.
LaTeX Font Info:    Overwriting symbol font `largesymbols' in version `normal'
(Font)                  OMX/cmex/m/n --> OMX/lmex/m/n on input line 25.
LaTeX Font Info:    Overwriting symbol font `operators' in version `bold'
(Font)                  OT1/cmr/bx/n --> OT1/lmr/bx/n on input line 26.
LaTeX Font Info:    Overwriting symbol font `letters' in version `bold'
(Font)                  OML/cmm/b/it --> OML/lmm/b/it on input line 27.
LaTeX Font Info:    Overwriting symbol font `symbols' in version `bold'
(Font)                  OMS/cmsy/b/n --> OMS/lmsy/b/n on input line 28.
LaTeX Font Info:    Overwriting symbol font `largesymbols' in version `bold'
(Font)                  OMX/cmex/m/n --> OMX/lmex/m/n on input line 29.
LaTeX Font Info:    Overwriting math alphabet `\mathbf' in version `normal'
(Font)                  OT1/cmr/bx/n --> OT1/lmr/bx/n on input line 31.
LaTeX Font Info:    Overwriting math alphabet `\mathsf' in version `normal'
(Font)                  OT1/cmss/m/n --> OT1/lmss/m/n on input line 32.
LaTeX Font Info:    Overwriting math alphabet `\mathit' in version `normal'
(Font)                  OT1/cmr/m/it --> OT1/lmr/m/it on input line 33.
LaTeX Font Info:    Overwriting math alphabet `\mathtt' in version `normal'
(Font)                  OT1/cmtt/m/n --> OT1/lmtt/m/n on input line 34.
LaTeX Font Info:    Overwriting math alphabet `\mathbf' in version `bold'
(Font)                  OT1/cmr/bx/n --> OT1/lmr/bx/n on input line 35.
LaTeX Font Info:    Overwriting math alphabet `\mathsf' in version `bold'
(Font)                  OT1/cmss/bx/n --> OT1/lmss/bx/n on input line 36.
LaTeX Font Info:    Overwriting math alphabet `\mathit' in version `bold'
(Font)                  OT1/cmr/bx/it --> OT1/lmr/bx/it on input line 37.
LaTeX Font Info:    Overwriting math alphabet `\mathtt' in version `bold'
(Font)                  OT1/cmtt/m/n --> OT1/lmtt/m/n on input line 38.
)
(C:\Users\ronco\AppData\Local\Programs\MiKTeX\tex/latex/microtype\microtype.sty
Package: microtype 2026/03/01 v3.2d Micro-typographical refinements (RS)
\MT@toks=\toks30
\MT@tempbox=\box59
\MT@count=\count321
LaTeX Info: Redefining \noprotrusionifhmode on input line 1084.
LaTeX Info: Redefining \leftprotrusion on input line 1085.
\MT@prot@toks=\toks31
LaTeX Info: Redefining \rightprotrusion on input line 1104.
LaTeX Info: Redefining \textls on input line 1449.
\MT@outer@kern=\dimen196
LaTeX Info: Redefining \microtypecontext on input line 2053.
LaTeX Info: Redefining \textmicrotypecontext on input line 2070.
\MT@listname@count=\count322

(C:\Users\ronco\AppData\Local\Programs\MiKTeX\tex/latex/microtype\microtype-pdf
tex.def
File: microtype-pdftex.def 2026/03/01 v3.2d Definitions specific to pdftex (RS)

LaTeX Info: Redefining \lsstyle on input line 944.
LaTeX Info: Redefining \lslig on input line 944.
\MT@outer@space=\skip60
)
Package microtype Info: Loading configuration file microtype.cfg.

(C:\Users\ronco\AppData\Local\Programs\MiKTeX\tex/latex/microtype\microtype.cfg
File: microtype.cfg 2026/03/01 v3.2d microtype main configuration file (RS)
)
LaTeX Info: Redefining \microtypesetup on input line 3065.
) (C:\Users\ronco\AppData\Local\Programs\MiKTeX\tex/latex/parskip\parskip.sty
Package: parskip 2021-03-14 v2.0h non-zero parskip adjustments
)
Package hyperref Info: Option `colorlinks' set `true' on input line 26.
LaTeX Font Info:    Trying to load font information for T1+lmr on input line 46
.
(C:\Users\ronco\AppData\Local\Programs\MiKTeX\tex/latex/lm\t1lmr.fd
File: t1lmr.fd 2015/05/01 v1.6.1 Font defs for Latin Modern
)
(C:\Users\ronco\AppData\Local\Programs\MiKTeX\tex/latex/l3backend\l3backend-pdf
tex.def
File: l3backend-pdftex.def 2025-10-09 L3 backend support: PDF output (pdfTeX)
\l__color_backend_stack_int=\count323
) (Comparativa.aux)
\openout1 = `Comparativa.aux'.

LaTeX Font Info:    Checking defaults for OML/cmm/m/it on input line 46.
LaTeX Font Info:    ... okay on input line 46.
LaTeX Font Info:    Checking defaults for OMS/cmsy/m/n on input line 46.
LaTeX Font Info:    ... okay on input line 46.
LaTeX Font Info:    Checking defaults for OT1/cmr/m/n on input line 46.
LaTeX Font Info:    ... okay on input line 46.
LaTeX Font Info:    Checking defaults for T1/cmr/m/n on input line 46.
LaTeX Font Info:    ... okay on input line 46.
LaTeX Font Info:    Checking defaults for TS1/cmr/m/n on input line 46.
LaTeX Font Info:    ... okay on input line 46.
LaTeX Font Info:    Checking defaults for OMX/cmex/m/n on input line 46.
LaTeX Font Info:    ... okay on input line 46.
LaTeX Font Info:    Checking defaults for U/cmr/m/n on input line 46.
LaTeX Font Info:    ... okay on input line 46.
LaTeX Font Info:    Checking defaults for PD1/pdf/m/n on input line 46.
LaTeX Font Info:    ... okay on input line 46.
LaTeX Font Info:    Checking defaults for PU/pdf/m/n on input line 46.
LaTeX Font Info:    ... okay on input line 46.

*geometry* driver: auto-detecting
*geometry* detected driver: pdftex
*geometry* verbose mode - [ preamble ] result:
* driver: pdftex
* paper: a4paper
* layout: <same size as paper>
* layoutoffset:(h,v)=(0.0pt,0.0pt)
* modes: 
* h-part:(L,W,R)=(71.13188pt, 455.24411pt, 71.13188pt)
* v-part:(T,H,B)=(71.13188pt, 702.78308pt, 71.13188pt)
* \paperwidth=597.50787pt
* \paperheight=845.04684pt
* \textwidth=455.24411pt
* \textheight=702.78308pt
* \oddsidemargin=-1.1381pt
* \evensidemargin=-1.1381pt
* \topmargin=-38.1381pt
* \headheight=12.0pt
* \headsep=25.0pt
* \topskip=11.0pt
* \footskip=30.0pt
* \marginparwidth=50.0pt
* \marginparsep=10.0pt
* \columnsep=10.0pt
* \skip\footins=10.0pt plus 4.0pt minus 2.0pt
* \hoffset=0.0pt
* \voffset=0.0pt
* \mag=1000
* \@twocolumnfalse
* \@twosidefalse
* \@mparswitchfalse
* \@reversemarginfalse
* (1in=72.27pt=25.4mm, 1cm=28.453pt)


(C:\Users\ronco\AppData\Local\Programs\MiKTeX\tex/context/base/mkii\supp-pdf.mk
ii
[Loading MPS to PDF converter (version 2006.09.02).]
\scratchcounter=\count324
\scratchdimen=\dimen197
\scratchbox=\box60
\nofMPsegments=\count325
\nofMParguments=\count326
\everyMPshowfont=\toks32
\MPscratchCnt=\count327
\MPscratchDim=\dimen198
\MPnumerator=\count328
\makeMPintoPDFobject=\count329
\everyMPtoPDFconversion=\toks33
)
(C:\Users\ronco\AppData\Local\Programs\MiKTeX\tex/latex/epstopdf-pkg\epstopdf-b
ase.sty
Package: epstopdf-base 2020-01-24 v2.11 Base part for package epstopdf
Package epstopdf-base Info: Redefining graphics rule for `.eps' on input line 4
85.

(C:\Users\ronco\AppData\Local\Programs\MiKTeX\tex/latex/00miktex\epstopdf-sys.c
fg
File: epstopdf-sys.cfg 2021/03/18 v2.0 Configuration of epstopdf for MiKTeX
))
Package caption Info: Begin \AtBeginDocument code.
Package caption Info: float package is loaded.
Package caption Info: hyperref package is loaded.
Package caption Info: End \AtBeginDocument code.
Package hyperref Info: Link coloring ON on input line 46.
 (Comparativa.out) (Comparativa.out)
\@outlinefile=\write3
\openout3 = `Comparativa.out'.

LaTeX Info: Redefining \microtypecontext on input line 46.
Package microtype Info: Applying patch `item' on input line 46.
Package microtype Info: Applying patch `toc' on input line 46.
Package microtype Info: Applying patch `eqnum' on input line 46.
Package microtype Info: Applying patch `footnote' on input line 46.
Package microtype Info: Applying patch `verbatim' on input line 46.
LaTeX Info: Redefining \microtypesetup on input line 46.
Package microtype Info: Generating PDF output.
Package microtype Info: Character protrusion enabled (level 2).
Package microtype Info: Using default protrusion set `alltext'.
Package microtype Info: Automatic font expansion enabled (level 2),
(microtype)             stretch: 20, shrink: 20, step: 1, non-selected.
Package microtype Info: Using default expansion set `alltext-nott'.
Package microtype Info: Patching command `\showhyphens'.
Package microtype Info: No adjustment of tracking.
Package microtype Info: No adjustment of interword spacing.
Package microtype Info: No adjustment of character kerning.

(C:\Users\ronco\AppData\Local\Programs\MiKTeX\tex/latex/microtype\mt-cmr.cfg
File: mt-cmr.cfg 2013/05/19 v2.2 microtype config. file: Computer Modern Roman 
(RS)
)
LaTeX Font Info:    Trying to load font information for T1+lmtt on input line 5
2.

(C:\Users\ronco\AppData\Local\Programs\MiKTeX\tex/latex/lm\t1lmtt.fd
File: t1lmtt.fd 2015/05/01 v1.6.1 Font defs for Latin Modern
)
LaTeX Font Info:    Font shape `T1/lmtt/bx/n' in size <17.28> not available
(Font)              Font shape `T1/lmtt/b/n' tried instead on input line 52.
Package microtype Info: Loading generic protrusion settings for font family
(microtype)             `lmtt' (encoding: T1).
(microtype)             For optimal results, create family-specific settings.
(microtype)             See the microtype manual for details.
LaTeX Font Info:    Trying to load font information for OT1+lmr on input line 5
5.

(C:\Users\ronco\AppData\Local\Programs\MiKTeX\tex/latex/lm\ot1lmr.fd
File: ot1lmr.fd 2015/05/01 v1.6.1 Font defs for Latin Modern
)
LaTeX Font Info:    Trying to load font information for OML+lmm on input line 5
5.

(C:\Users\ronco\AppData\Local\Programs\MiKTeX\tex/latex/lm\omllmm.fd
File: omllmm.fd 2015/05/01 v1.6.1 Font defs for Latin Modern
)
LaTeX Font Info:    Trying to load font information for OMS+lmsy on input line 
55.

(C:\Users\ronco\AppData\Local\Programs\MiKTeX\tex/latex/lm\omslmsy.fd
File: omslmsy.fd 2015/05/01 v1.6.1 Font defs for Latin Modern
)
LaTeX Font Info:    Trying to load font information for OMX+lmex on input line 
55.

(C:\Users\ronco\AppData\Local\Programs\MiKTeX\tex/latex/lm\omxlmex.fd
File: omxlmex.fd 2015/05/01 v1.6.1 Font defs for Latin Modern
)
LaTeX Font Info:    External font `lmex10' loaded for size
(Font)              <10.95> on input line 55.
LaTeX Font Info:    External font `lmex10' loaded for size
(Font)              <8> on input line 55.
LaTeX Font Info:    External font `lmex10' loaded for size
(Font)              <6> on input line 55.
LaTeX Font Info:    External font `lmex10' loaded for size
(Font)              <10> on input line 60.
LaTeX Font Info:    External font `lmex10' loaded for size
(Font)              <7> on input line 60.
LaTeX Font Info:    External font `lmex10' loaded for size
(Font)              <5> on input line 60.
 [1

{C:/Users/ronco/AppData/Local/MiKTeX/fonts/map/pdftex/pdftex.map}{C:/Users/ronc
o/AppData/Local/Programs/MiKTeX/fonts/enc/dvips/lm/lm-ec.enc}{C:/Users/ronco/Ap
pData/Local/Programs/MiKTeX/fonts/enc/dvips/lm/lm-mathsy.enc}{C:/Users/ronco/Ap
pData/Local/Programs/MiKTeX/fonts/enc/dvips/lm/lm-mathit.enc}{C:/Users/ronco/Ap
pData/Local/Programs/MiKTeX/fonts/enc/dvips/lm/lm-rm.enc}] (Comparativa.toc)
\tf@toc=\write4
\openout4 = `Comparativa.toc'.


pdfTeX warning (ext4): destination with the same identifier (name{page.1}) has 
been already used, duplicate ignored
<to be read again> 
                   \relax 
l.74 \newpage
              [1] [2]
! Undefined control sequence.
<recently read> \gtrsim 
                        
l.146 ...ntas. Con suficientes réplicas ($\gtrsim
                                                  $500) ambos convergen al m...
The control sequence at the end of the top line
of your error message was never \def'ed. If you have
misspelled it (e.g., `\hobx'), type `I' and the correct
spelling (e.g., `I\hbox'). Otherwise just continue,
and I'll forget about whatever was undefined.

[3]
! Undefined control sequence.
<recently read> \gtrsim 
                        
l.203 ...rae permutaciones distintas. Con $\gtrsim
                                                  $500 réplicas ambos conve...
The control sequence at the end of the top line
of your error message was never \def'ed. If you have
misspelled it (e.g., `\hobx'), type `I' and the correct
spelling (e.g., `I\hbox'). Otherwise just continue,
and I'll forget about whatever was undefined.

LaTeX Font Info:    Trying to load font information for TS1+lmr on input line 2
09.
(C:\Users\ronco\AppData\Local\Programs\MiKTeX\tex/latex/lm\ts1lmr.fd
File: ts1lmr.fd 2015/05/01 v1.6.1 Font defs for Latin Modern
)
! Undefined control sequence.
<recently read> \gtrsim 
                        
l.209 ...aen permutaciones distintas. Con $\gtrsim
                                                  $500 réplicas ambos conve...
The control sequence at the end of the top line
of your error message was never \def'ed. If you have
misspelled it (e.g., `\hobx'), type `I' and the correct
spelling (e.g., `I\hbox'). Otherwise just continue,
and I'll forget about whatever was undefined.

[4{C:/Users/ronco/AppData/Local/Programs/MiKTeX/fonts/enc/dvips/lm/lm-ts1.enc}]
! Undefined control sequence.
<recently read> \gtrsim 
                        
l.238 ...oducen secuencias distintas. Con $\gtrsim
                                                  $500 réplicas ambos conve...
The control sequence at the end of the top line
of your error message was never \def'ed. If you have
misspelled it (e.g., `\hobx'), type `I' and the correct
spelling (e.g., `I\hbox'). Otherwise just continue,
and I'll forget about whatever was undefined.

[5] [6]
<comparativa_figs/py_trends_1975.png, id=116, 435.5472pt x 326.6604pt>
File: comparativa_figs/py_trends_1975.png Graphic file (type png)
<use comparativa_figs/py_trends_1975.png>
Package pdftex.def Info: comparativa_figs/py_trends_1975.png  used on input lin
e 303.
(pdftex.def)             Requested size: 218.51521pt x 163.88805pt.
<comparativa_figs/stata_trends_1975.png, id=118, 1121.18875pt x 816.04875pt>
File: comparativa_figs/stata_trends_1975.png Graphic file (type png)
<use comparativa_figs/stata_trends_1975.png>
Package pdftex.def Info: comparativa_figs/stata_trends_1975.png  used on input 
line 308.
(pdftex.def)             Requested size: 218.51521pt x 159.03548pt.
<comparativa_figs/py_trends_1976.png, id=119, 435.5472pt x 326.6604pt>
File: comparativa_figs/py_trends_1976.png Graphic file (type png)
<use comparativa_figs/py_trends_1976.png>
Package pdftex.def Info: comparativa_figs/py_trends_1976.png  used on input lin
e 318.
(pdftex.def)             Requested size: 218.51521pt x 163.88805pt.
<comparativa_figs/stata_trends_1976.png, id=120, 1121.18875pt x 816.04875pt>
File: comparativa_figs/stata_trends_1976.png Graphic file (type png)
<use comparativa_figs/stata_trends_1976.png>
Package pdftex.def Info: comparativa_figs/stata_trends_1976.png  used on input 
line 323.
(pdftex.def)             Requested size: 218.51521pt x 159.03548pt.
<comparativa_figs/py_trends_1978.png, id=121, 435.5472pt x 326.6604pt>
File: comparativa_figs/py_trends_1978.png Graphic file (type png)
<use comparativa_figs/py_trends_1978.png>
Package pdftex.def Info: comparativa_figs/py_trends_1978.png  used on input lin
e 333.
(pdftex.def)             Requested size: 218.51521pt x 163.88805pt.
<comparativa_figs/stata_trends_1978.png, id=122, 1121.18875pt x 816.04875pt>
File: comparativa_figs/stata_trends_1978.png Graphic file (type png)
<use comparativa_figs/stata_trends_1978.png>
Package pdftex.def Info: comparativa_figs/stata_trends_1978.png  used on input 
line 338.
(pdftex.def)             Requested size: 218.51521pt x 159.03548pt.
 [7 <./comparativa_figs/py_trends_1975.png> <./comparativa_figs/stata_trends_19
75.png (PNG copy)> <./comparativa_figs/py_trends_1976.png> <./comparativa_figs/
stata_trends_1976.png (PNG copy)>]
<comparativa_figs/py_trends_1979.png, id=134, 435.5472pt x 326.6604pt>
File: comparativa_figs/py_trends_1979.png Graphic file (type png)
<use comparativa_figs/py_trends_1979.png>
Package pdftex.def Info: comparativa_figs/py_trends_1979.png  used on input lin
e 348.
(pdftex.def)             Requested size: 218.51521pt x 163.88805pt.
<comparativa_figs/stata_trends_1979.png, id=135, 1121.18875pt x 816.04875pt>
File: comparativa_figs/stata_trends_1979.png Graphic file (type png)
<use comparativa_figs/stata_trends_1979.png>
Package pdftex.def Info: comparativa_figs/stata_trends_1979.png  used on input 
line 353.
(pdftex.def)             Requested size: 218.51521pt x 159.03548pt.
<comparativa_figs/py_trends_1981.png, id=136, 435.5472pt x 326.6604pt>
File: comparativa_figs/py_trends_1981.png Graphic file (type png)
<use comparativa_figs/py_trends_1981.png>
Package pdftex.def Info: comparativa_figs/py_trends_1981.png  used on input lin
e 363.
(pdftex.def)             Requested size: 218.51521pt x 163.88805pt.
<comparativa_figs/stata_trends_1981.png, id=137, 1121.18875pt x 816.04875pt>
File: comparativa_figs/stata_trends_1981.png Graphic file (type png)
<use comparativa_figs/stata_trends_1981.png>
Package pdftex.def Info: comparativa_figs/stata_trends_1981.png  used on input 
line 368.
(pdftex.def)             Requested size: 218.51521pt x 159.03548pt.
<comparativa_figs/py_trends_1983.png, id=138, 435.5472pt x 326.6604pt>
File: comparativa_figs/py_trends_1983.png Graphic file (type png)
<use comparativa_figs/py_trends_1983.png>
Package pdftex.def Info: comparativa_figs/py_trends_1983.png  used on input lin
e 378.
(pdftex.def)             Requested size: 218.51521pt x 163.88805pt.
<comparativa_figs/stata_trends_1983.png, id=139, 1121.18875pt x 816.04875pt>
File: comparativa_figs/stata_trends_1983.png Graphic file (type png)
<use comparativa_figs/stata_trends_1983.png>
Package pdftex.def Info: comparativa_figs/stata_trends_1983.png  used on input 
line 383.
(pdftex.def)             Requested size: 218.51521pt x 159.03548pt.
 [8 <./comparativa_figs/py_trends_1978.png> <./comparativa_figs/stata_trends_19
78.png (PNG copy)> <./comparativa_figs/py_trends_1979.png> <./comparativa_figs/
stata_trends_1979.png (PNG copy)> <./comparativa_figs/py_trends_1981.png> <./co
mparativa_figs/stata_trends_1981.png (PNG copy)>]
<comparativa_figs/py_trends_1986.png, id=150, 435.5472pt x 326.6604pt>
File: comparativa_figs/py_trends_1986.png Graphic file (type png)
<use comparativa_figs/py_trends_1986.png>
Package pdftex.def Info: comparativa_figs/py_trends_1986.png  used on input lin
e 393.
(pdftex.def)             Requested size: 218.51521pt x 163.88805pt.
<comparativa_figs/stata_trends_1986.png, id=151, 1121.18875pt x 816.04875pt>
File: comparativa_figs/stata_trends_1986.png Graphic file (type png)
<use comparativa_figs/stata_trends_1986.png>
Package pdftex.def Info: comparativa_figs/stata_trends_1986.png  used on input 
line 398.
(pdftex.def)             Requested size: 218.51521pt x 159.03548pt.
 [9 <./comparativa_figs/py_trends_1983.png> <./comparativa_figs/stata_trends_19
83.png (PNG copy)> <./comparativa_figs/py_trends_1986.png> <./comparativa_figs/
stata_trends_1986.png (PNG copy)>]
LaTeX Font Info:    External font `lmex10' loaded for size
(Font)              <14.4> on input line 406.


Package hyperref Warning: Token not allowed in a PDF string (Unicode):
(hyperref)                removing `math shift' on input line 406.


Package hyperref Warning: Token not allowed in a PDF string (Unicode):
(hyperref)                removing `math shift' on input line 406.

<comparativa_figs/py_weights_1975.png, id=160, 775.2162pt x 382.5492pt>
File: comparativa_figs/py_weights_1975.png Graphic file (type png)
<use comparativa_figs/py_weights_1975.png>
Package pdftex.def Info: comparativa_figs/py_weights_1975.png  used on input li
ne 415.
(pdftex.def)             Requested size: 218.51521pt x 107.83101pt.
LaTeX Font Info:    External font `lmex10' loaded for size
(Font)              <9> on input line 416.
<comparativa_figs/stata_weights_1975.png, id=161, 1121.18875pt x 816.04875pt>
File: comparativa_figs/stata_weights_1975.png Graphic file (type png)
<use comparativa_figs/stata_weights_1975.png>
Package pdftex.def Info: comparativa_figs/stata_weights_1975.png  used on input
 line 420.
(pdftex.def)             Requested size: 218.51521pt x 159.03548pt.
<comparativa_figs/py_weights_1976.png, id=162, 775.2162pt x 382.5492pt>
File: comparativa_figs/py_weights_1976.png Graphic file (type png)
<use comparativa_figs/py_weights_1976.png>
Package pdftex.def Info: comparativa_figs/py_weights_1976.png  used on input li
ne 430.
(pdftex.def)             Requested size: 218.51521pt x 107.83101pt.
<comparativa_figs/stata_weights_1976.png, id=163, 1121.18875pt x 816.04875pt>
File: comparativa_figs/stata_weights_1976.png Graphic file (type png)
<use comparativa_figs/stata_weights_1976.png>
Package pdftex.def Info: comparativa_figs/stata_weights_1976.png  used on input
 line 435.
(pdftex.def)             Requested size: 218.51521pt x 159.03548pt.
<comparativa_figs/py_weights_1978.png, id=164, 775.2162pt x 382.5492pt>
File: comparativa_figs/py_weights_1978.png Graphic file (type png)
<use comparativa_figs/py_weights_1978.png>
Package pdftex.def Info: comparativa_figs/py_weights_1978.png  used on input li
ne 445.
(pdftex.def)             Requested size: 218.51521pt x 107.83101pt.
<comparativa_figs/stata_weights_1978.png, id=165, 1121.18875pt x 816.04875pt>
File: comparativa_figs/stata_weights_1978.png Graphic file (type png)
<use comparativa_figs/stata_weights_1978.png>
Package pdftex.def Info: comparativa_figs/stata_weights_1978.png  used on input
 line 450.
(pdftex.def)             Requested size: 218.51521pt x 159.03548pt.
[10 <./comparativa_figs/py_weights_1975.png> <./comparativa_figs/stata_weights_
1975.png (PNG copy)> <./comparativa_figs/py_weights_1976.png> <./comparativa_fi
gs/stata_weights_1976.png (PNG copy)>]
<comparativa_figs/py_weights_1979.png, id=179, 775.2162pt x 382.5492pt>
File: comparativa_figs/py_weights_1979.png Graphic file (type png)
<use comparativa_figs/py_weights_1979.png>
Package pdftex.def Info: comparativa_figs/py_weights_1979.png  used on input li
ne 460.
(pdftex.def)             Requested size: 218.51521pt x 107.83101pt.
<comparativa_figs/stata_weights_1979.png, id=180, 1121.18875pt x 816.04875pt>
File: comparativa_figs/stata_weights_1979.png Graphic file (type png)
<use comparativa_figs/stata_weights_1979.png>
Package pdftex.def Info: comparativa_figs/stata_weights_1979.png  used on input
 line 465.
(pdftex.def)             Requested size: 218.51521pt x 159.03548pt.
<comparativa_figs/py_weights_1981.png, id=181, 775.2162pt x 382.5492pt>
File: comparativa_figs/py_weights_1981.png Graphic file (type png)
<use comparativa_figs/py_weights_1981.png>
Package pdftex.def Info: comparativa_figs/py_weights_1981.png  used on input li
ne 475.
(pdftex.def)             Requested size: 218.51521pt x 107.83101pt.
<comparativa_figs/stata_weights_1981.png, id=182, 1121.18875pt x 816.04875pt>
File: comparativa_figs/stata_weights_1981.png Graphic file (type png)
<use comparativa_figs/stata_weights_1981.png>
Package pdftex.def Info: comparativa_figs/stata_weights_1981.png  used on input
 line 480.
(pdftex.def)             Requested size: 218.51521pt x 159.03548pt.
<comparativa_figs/py_weights_1983.png, id=183, 775.2162pt x 382.5492pt>
File: comparativa_figs/py_weights_1983.png Graphic file (type png)
<use comparativa_figs/py_weights_1983.png>
Package pdftex.def Info: comparativa_figs/py_weights_1983.png  used on input li
ne 490.
(pdftex.def)             Requested size: 218.51521pt x 107.83101pt.
<comparativa_figs/stata_weights_1983.png, id=184, 1121.18875pt x 816.04875pt>
File: comparativa_figs/stata_weights_1983.png Graphic file (type png)
<use comparativa_figs/stata_weights_1983.png>
Package pdftex.def Info: comparativa_figs/stata_weights_1983.png  used on input
 line 495.
(pdftex.def)             Requested size: 218.51521pt x 159.03548pt.
 [11 <./comparativa_figs/py_weights_1978.png> <./comparativa_figs/stata_weights
_1978.png (PNG copy)> <./comparativa_figs/py_weights_1979.png> <./comparativa_f
igs/stata_weights_1979.png (PNG copy)> <./comparativa_figs/py_weights_1981.png>
 <./comparativa_figs/stata_weights_1981.png (PNG copy)>]
<comparativa_figs/py_weights_1986.png, id=195, 775.2162pt x 382.5492pt>
File: comparativa_figs/py_weights_1986.png Graphic file (type png)
<use comparativa_figs/py_weights_1986.png>
Package pdftex.def Info: comparativa_figs/py_weights_1986.png  used on input li
ne 505.
(pdftex.def)             Requested size: 218.51521pt x 107.83101pt.
<comparativa_figs/stata_weights_1986.png, id=196, 1121.18875pt x 816.04875pt>
File: comparativa_figs/stata_weights_1986.png Graphic file (type png)
<use comparativa_figs/stata_weights_1986.png>
Package pdftex.def Info: comparativa_figs/stata_weights_1986.png  used on input
 line 510.
(pdftex.def)             Requested size: 218.51521pt x 159.03548pt.
 [12 <./comparativa_figs/py_weights_1983.png> <./comparativa_figs/stata_weights
_1983.png (PNG copy)> <./comparativa_figs/py_weights_1986.png> <./comparativa_f
igs/stata_weights_1986.png (PNG copy)>]

Package hyperref Warning: Token not allowed in a PDF string (Unicode):
(hyperref)                removing `math shift' on input line 518.


Package hyperref Warning: Token not allowed in a PDF string (Unicode):
(hyperref)                removing `math shift' on input line 518.


Package hyperref Warning: Token not allowed in a PDF string (Unicode):
(hyperref)                removing `math shift' on input line 518.


Package hyperref Warning: Token not allowed in a PDF string (Unicode):
(hyperref)                removing `math shift' on input line 518.

LaTeX Font Info:    External font `lmex10' loaded for size
(Font)              <12> on input line 543.
(weight_tables_lambda.tex) [13] (weight_tables_omega.tex [14] [15]) [16]
! Undefined control sequence.
<recently read> \gtrsim 
                        
l.588 ... vs \texttt{MT19937} NumPy): con $\gtrsim
                                                  $500 réplicas ambos conve...
The control sequence at the end of the top line
of your error message was never \def'ed. If you have
misspelled it (e.g., `\hobx'), type `I' and the correct
spelling (e.g., `I\hbox'). Otherwise just continue,
and I'll forget about whatever was undefined.

! Undefined control sequence.
<recently read> \gtrsim 
                        
l.594 ...cen permutaciones distintas. Con $\gtrsim
                                                  $500 réplicas ambos conve...
The control sequence at the end of the top line
of your error message was never \def'ed. If you have
misspelled it (e.g., `\hobx'), type `I' and the correct
spelling (e.g., `I\hbox'). Otherwise just continue,
and I'll forget about whatever was undefined.

[17] [18] (Comparativa.aux)
 ***********
LaTeX2e <2025-11-01>
L3 programming layer <2025-12-24>
 ***********
Package rerunfilecheck Info: File `Comparativa.out' has not changed.
(rerunfilecheck)             Checksum: 97DF8C1BCE3559714489826DBA20EF6A;2833.
 ) 
Here is how much of TeX's memory you used:
 14898 strings out of 467871
 246333 string characters out of 5418376
 715201 words of memory out of 5000000
 43258 multiletter control sequences out of 15000+600000
 760109 words of font info for 215 fonts, out of 8000000 for 9000
 1141 hyphenation exceptions out of 8191
 75i,14n,79p,1010b,635s stack positions out of 10000i,1000n,20000p,200000b,200000s
<C:/Users/ronco/AppData/Local/Programs/MiKTeX/fonts/type1/public/lm/lmbx10.pf
b><C:/Users/ronco/AppData/Local/Programs/MiKTeX/fonts/type1/public/lm/lmbx12.pf
b><C:/Users/ronco/AppData/Local/Programs/MiKTeX/fonts/type1/public/lm/lmbx9.pfb
><C:/Users/ronco/AppData/Local/Programs/MiKTeX/fonts/type1/public/lm/lmbxi10.pf
b><C:/Users/ronco/AppData/Local/Programs/MiKTeX/fonts/type1/public/lm/lmmi10.pf
b><C:/Users/ronco/AppData/Local/Programs/MiKTeX/fonts/type1/public/lm/lmmi12.pf
b><C:/Users/ronco/AppData/Local/Programs/MiKTeX/fonts/type1/public/lm/lmmi7.pfb
><C:/Users/ronco/AppData/Local/Programs/MiKTeX/fonts/type1/public/lm/lmmi8.pfb>
<C:/Users/ronco/AppData/Local/Programs/MiKTeX/fonts/type1/public/lm/lmmi9.pfb><
C:/Users/ronco/AppData/Local/Programs/MiKTeX/fonts/type1/public/lm/lmr10.pfb><C
:/Users/ronco/AppData/Local/Programs/MiKTeX/fonts/type1/public/lm/lmr12.pfb><C:
/Users/ronco/AppData/Local/Programs/MiKTeX/fonts/type1/public/lm/lmr7.pfb><C:/U
sers/ronco/AppData/Local/Programs/MiKTeX/fonts/type1/public/lm/lmr8.pfb><C:/Use
rs/ronco/AppData/Local/Programs/MiKTeX/fonts/type1/public/lm/lmr9.pfb><C:/Users
/ronco/AppData/Local/Programs/MiKTeX/fonts/type1/public/lm/lmri10.pfb><C:/Users
/ronco/AppData/Local/Programs/MiKTeX/fonts/type1/public/lm/lmsy10.pfb><C:/Users
/ronco/AppData/Local/Programs/MiKTeX/fonts/type1/public/lm/lmsy7.pfb><C:/Users/
ronco/AppData/Local/Programs/MiKTeX/fonts/type1/public/lm/lmsy8.pfb><C:/Users/r
onco/AppData/Local/Programs/MiKTeX/fonts/type1/public/lm/lmtk10.pfb><C:/Users/r
onco/AppData/Local/Programs/MiKTeX/fonts/type1/public/lm/lmtt10.pfb>
Output written on Comparativa.pdf (19 pages, 1788761 bytes).
PDF statistics:
 374 PDF objects out of 1000 (max. 8388607)
 77 named destinations out of 1000 (max. 500000)
 79589 words of extra memory for PDF output out of 89155 (max. 10000000)

